<?xml version="1.0" encoding="UTF-8"?>
<!-- Generated by org.testng.reporters.JUnitReportReporter -->
<testsuite skipped="0" hostname="comp-X541UVK" name="Orange.POM_m" tests="3" failures="0" timestamp="24 Jun 2018 18:54:15 GMT" time="11.913" errors="0">
  <testcase name="test_home_page_valid_Login" time="6.257" classname="Orange.POM_m"/>
  <testcase name="PIM_Employee_list" time="3.714" classname="Orange.POM_m"/>
  <testcase name="logout_from_orange" time="1.942" classname="Orange.POM_m"/>
</testsuite> <!-- Orange.POM_m -->
