<?xml version="1.0" encoding="UTF-8"?>
<!-- Generated by org.testng.reporters.JUnitReportReporter -->
<testsuite skipped="0" hostname="comp-X541UVK" name="kurtosysTestcases.testCases" tests="6" failures="0" timestamp="09 Jul 2018 11:36:01 GMT" time="145.614" errors="0">
  <testcase name="loginLogout" time="3.955" classname="kurtosysTestcases.testCases"/>
  <testcase name="createReport" time="32.034" classname="kurtosysTestcases.testCases"/>
  <testcase name="editReport" time="23.857" classname="kurtosysTestcases.testCases"/>
  <testcase name="copyReport" time="14.516" classname="kurtosysTestcases.testCases"/>
  <testcase name="deleteReport" time="21.421" classname="kurtosysTestcases.testCases"/>
  <testcase name="calculateNetWorth" time="49.831" classname="kurtosysTestcases.testCases"/>
</testsuite> <!-- kurtosysTestcases.testCases -->
